{"contracts/MFC.sol":{"l":{"51":25,"52":25,"53":25,"59":21,"61":20,"65":60,"67":59,"71":4,"73":3,"77":2,"78":1,"84":25,"86":25,"87":25,"88":3,"90":22,"91":22,"92":16,"94":22,"103":20,"104":38,"105":174,"106":173,"107":173,"109":172,"112":18,"113":18,"114":36,"115":72,"128":3,"129":3,"131":1,"133":1,"135":1,"147":9,"148":9,"149":9,"150":12,"156":1,"164":19,"165":11,"167":8,"168":8,"169":8,"175":12,"177":12,"178":21,"180":19,"182":19,"184":19,"185":18,"186":18,"191":21,"192":20,"193":20,"197":19,"198":19,"199":1,"202":18},"path":"/Users/sash/Developer/blockchain-million-dollar-contract/contracts/MFC.sol","s":{"1":25,"2":25,"3":21,"4":60,"5":4,"6":2,"7":25,"8":25,"9":25,"10":3,"11":22,"12":22,"13":16,"14":22,"15":20,"16":38,"17":174,"18":173,"19":173,"20":172,"21":18,"22":36,"23":72,"24":3,"25":3,"26":1,"27":1,"28":1,"29":9,"30":9,"31":9,"32":12,"33":1,"34":19,"35":11,"36":8,"37":8,"38":12,"39":12,"40":21,"41":19,"42":19,"43":19,"44":18,"45":18,"46":21,"47":20,"48":20,"49":19,"50":19,"51":1},"b":{"1":[20,1],"2":[59,1],"3":[3,1],"4":[1,1],"5":[3,22],"6":[16,6],"7":[173,1],"8":[172,1],"9":[1,2],"10":[11,8],"11":[18,1],"12":[20,1],"13":[19,1],"14":[1,18]},"f":{"1":25,"2":21,"3":60,"4":4,"5":2,"6":25,"7":20,"8":3,"9":9,"10":1,"11":19,"12":12,"13":21,"14":19},"fnMap":{"1":{"name":null,"line":50,"loc":{"start":{"line":50,"column":4},"end":{"line":50,"column":36}}},"2":{"name":"priceIsValid","line":58,"loc":{"start":{"line":58,"column":4},"end":{"line":58,"column":45}}},"3":{"name":"locationIsValid","line":64,"loc":{"start":{"line":64,"column":4},"end":{"line":64,"column":45}}},"4":{"name":"charIsValid","line":70,"loc":{"start":{"line":70,"column":4},"end":{"line":70,"column":34}}},"5":{"name":"onlyOwner","line":76,"loc":{"start":{"line":76,"column":4},"end":{"line":76,"column":21}}},"6":{"name":"read","line":81,"loc":{"start":{"line":81,"column":4},"end":{"line":83,"column":88}}},"7":{"name":"buy","line":99,"loc":{"start":{"line":99,"column":4},"end":{"line":102,"column":20}}},"8":{"name":"publish","line":124,"loc":{"start":{"line":124,"column":4},"end":{"line":127,"column":12}}},"9":{"name":"publishBlock","line":144,"loc":{"start":{"line":144,"column":4},"end":{"line":146,"column":12}}},"10":{"name":"kill","line":155,"loc":{"start":{"line":155,"column":4},"end":{"line":155,"column":34}}},"11":{"name":"storeAttachment","line":163,"loc":{"start":{"line":163,"column":4},"end":{"line":163,"column":83}}},"12":{"name":"publishLine","line":173,"loc":{"start":{"line":173,"column":4},"end":{"line":173,"column":131}}},"13":{"name":"getIndexAndCheckIfAllowedToPublish","line":190,"loc":{"start":{"line":190,"column":4},"end":{"line":190,"column":94}}},"14":{"name":"stringToBytes32","line":196,"loc":{"start":{"line":196,"column":4},"end":{"line":196,"column":86}}}},"statementMap":{"1":{"start":{"line":51,"column":8},"end":{"line":51,"column":25}},"2":{"start":{"line":52,"column":8},"end":{"line":52,"column":29}},"3":{"start":{"line":59,"column":8},"end":{"line":59,"column":57}},"4":{"start":{"line":65,"column":8},"end":{"line":65,"column":52}},"5":{"start":{"line":71,"column":8},"end":{"line":71,"column":54}},"6":{"start":{"line":77,"column":8},"end":{"line":77,"column":35}},"7":{"start":{"line":84,"column":8},"end":{"line":84,"column":46}},"8":{"start":{"line":86,"column":8},"end":{"line":86,"column":28}},"9":{"start":{"line":87,"column":8},"end":{"line":87,"column":2493}},"10":{"start":{"line":88,"column":12},"end":{"line":88,"column":18}},"11":{"start":{"line":90,"column":8},"end":{"line":90,"column":31}},"12":{"start":{"line":91,"column":8},"end":{"line":91,"column":2585}},"13":{"start":{"line":92,"column":12},"end":{"line":92,"column":65}},"14":{"start":{"line":94,"column":8},"end":{"line":94,"column":35}},"15":{"start":{"line":103,"column":8},"end":{"line":103,"column":3009}},"16":{"start":{"line":104,"column":12},"end":{"line":104,"column":3079}},"17":{"start":{"line":105,"column":16},"end":{"line":105,"column":60}},"18":{"start":{"line":106,"column":16},"end":{"line":106,"column":54}},"19":{"start":{"line":107,"column":16},"end":{"line":107,"column":44}},"20":{"start":{"line":109,"column":16},"end":{"line":109,"column":41}},"21":{"start":{"line":113,"column":8},"end":{"line":113,"column":3408}},"22":{"start":{"line":114,"column":12},"end":{"line":114,"column":3481}},"23":{"start":{"line":115,"column":16},"end":{"line":115,"column":50}},"24":{"start":{"line":128,"column":8},"end":{"line":128,"column":46}},"25":{"start":{"line":129,"column":8},"end":{"line":129,"column":43}},"26":{"start":{"line":131,"column":8},"end":{"line":131,"column":57}},"27":{"start":{"line":133,"column":8},"end":{"line":133,"column":57}},"28":{"start":{"line":135,"column":8},"end":{"line":135,"column":69}},"29":{"start":{"line":147,"column":8},"end":{"line":147,"column":58}},"30":{"start":{"line":148,"column":8},"end":{"line":148,"column":55}},"31":{"start":{"line":149,"column":8},"end":{"line":149,"column":4761}},"32":{"start":{"line":150,"column":12},"end":{"line":150,"column":102}},"33":{"start":{"line":156,"column":8},"end":{"line":156,"column":26}},"34":{"start":{"line":164,"column":8},"end":{"line":164,"column":5326}},"35":{"start":{"line":165,"column":12},"end":{"line":165,"column":57}},"36":{"start":{"line":167,"column":12},"end":{"line":167,"column":47}},"37":{"start":{"line":169,"column":12},"end":{"line":169,"column":57}},"38":{"start":{"line":175,"column":8},"end":{"line":175,"column":47}},"39":{"start":{"line":177,"column":8},"end":{"line":177,"column":5879}},"40":{"start":{"line":178,"column":12},"end":{"line":178,"column":90}},"41":{"start":{"line":180,"column":12},"end":{"line":180,"column":67}},"42":{"start":{"line":182,"column":12},"end":{"line":182,"column":68}},"43":{"start":{"line":184,"column":12},"end":{"line":184,"column":58}},"44":{"start":{"line":185,"column":12},"end":{"line":185,"column":73}},"45":{"start":{"line":186,"column":12},"end":{"line":186,"column":128}},"46":{"start":{"line":191,"column":8},"end":{"line":191,"column":52}},"47":{"start":{"line":192,"column":8},"end":{"line":192,"column":41}},"48":{"start":{"line":193,"column":8},"end":{"line":193,"column":43}},"49":{"start":{"line":197,"column":8},"end":{"line":197,"column":55}},"50":{"start":{"line":198,"column":8},"end":{"line":198,"column":6842}},"51":{"start":{"line":199,"column":12},"end":{"line":199,"column":22}}},"branchMap":{"1":{"line":59,"type":"if","locations":[{"start":{"line":59,"column":8},"end":{"line":59,"column":8}},{"start":{"line":59,"column":8},"end":{"line":59,"column":8}}]},"2":{"line":65,"type":"if","locations":[{"start":{"line":65,"column":8},"end":{"line":65,"column":8}},{"start":{"line":65,"column":8},"end":{"line":65,"column":8}}]},"3":{"line":71,"type":"if","locations":[{"start":{"line":71,"column":8},"end":{"line":71,"column":8}},{"start":{"line":71,"column":8},"end":{"line":71,"column":8}}]},"4":{"line":77,"type":"if","locations":[{"start":{"line":77,"column":8},"end":{"line":77,"column":8}},{"start":{"line":77,"column":8},"end":{"line":77,"column":8}}]},"5":{"line":87,"type":"if","locations":[{"start":{"line":87,"column":8},"end":{"line":87,"column":8}},{"start":{"line":87,"column":8},"end":{"line":87,"column":8}}]},"6":{"line":91,"type":"if","locations":[{"start":{"line":91,"column":8},"end":{"line":91,"column":8}},{"start":{"line":91,"column":8},"end":{"line":91,"column":8}}]},"7":{"line":105,"type":"if","locations":[{"start":{"line":105,"column":16},"end":{"line":105,"column":16}},{"start":{"line":105,"column":16},"end":{"line":105,"column":16}}]},"8":{"line":107,"type":"if","locations":[{"start":{"line":107,"column":16},"end":{"line":107,"column":16}},{"start":{"line":107,"column":16},"end":{"line":107,"column":16}}]},"9":{"line":129,"type":"if","locations":[{"start":{"line":129,"column":8},"end":{"line":129,"column":8}},{"start":{"line":129,"column":8},"end":{"line":129,"column":8}}]},"10":{"line":164,"type":"if","locations":[{"start":{"line":164,"column":8},"end":{"line":164,"column":8}},{"start":{"line":164,"column":8},"end":{"line":164,"column":8}}]},"11":{"line":184,"type":"if","locations":[{"start":{"line":184,"column":12},"end":{"line":184,"column":12}},{"start":{"line":184,"column":12},"end":{"line":184,"column":12}}]},"12":{"line":191,"type":"if","locations":[{"start":{"line":191,"column":8},"end":{"line":191,"column":8}},{"start":{"line":191,"column":8},"end":{"line":191,"column":8}}]},"13":{"line":193,"type":"if","locations":[{"start":{"line":193,"column":8},"end":{"line":193,"column":8}},{"start":{"line":193,"column":8},"end":{"line":193,"column":8}}]},"14":{"line":198,"type":"if","locations":[{"start":{"line":198,"column":8},"end":{"line":198,"column":8}},{"start":{"line":198,"column":8},"end":{"line":198,"column":8}}]}}},"contracts/SafeMath.sol":{"l":{"14":263,"15":163,"17":100,"18":100,"19":100,"27":0,"29":0,"36":0,"37":0,"44":299,"45":299,"46":299},"path":"/Users/sash/Developer/blockchain-million-dollar-contract/contracts/SafeMath.sol","s":{"1":263,"2":163,"3":100,"4":100,"5":100,"6":0,"7":0,"8":0,"9":0,"10":299,"11":299,"12":299},"b":{"1":[163,100],"2":[100,0],"3":[0,0],"4":[299,0]},"f":{"1":263,"2":0,"3":0,"4":299},"fnMap":{"1":{"name":"mul","line":13,"loc":{"start":{"line":13,"column":4},"end":{"line":13,"column":68}}},"2":{"name":"div","line":25,"loc":{"start":{"line":25,"column":4},"end":{"line":25,"column":68}}},"3":{"name":"sub","line":35,"loc":{"start":{"line":35,"column":4},"end":{"line":35,"column":68}}},"4":{"name":"add","line":43,"loc":{"start":{"line":43,"column":4},"end":{"line":43,"column":68}}}},"statementMap":{"1":{"start":{"line":14,"column":8},"end":{"line":14,"column":297}},"2":{"start":{"line":15,"column":12},"end":{"line":15,"column":20}},"3":{"start":{"line":17,"column":8},"end":{"line":17,"column":24}},"4":{"start":{"line":18,"column":8},"end":{"line":18,"column":25}},"5":{"start":{"line":19,"column":8},"end":{"line":19,"column":16}},"6":{"start":{"line":27,"column":8},"end":{"line":27,"column":24}},"7":{"start":{"line":29,"column":8},"end":{"line":29,"column":16}},"8":{"start":{"line":36,"column":8},"end":{"line":36,"column":21}},"9":{"start":{"line":37,"column":8},"end":{"line":37,"column":20}},"10":{"start":{"line":44,"column":8},"end":{"line":44,"column":24}},"11":{"start":{"line":45,"column":8},"end":{"line":45,"column":21}},"12":{"start":{"line":46,"column":8},"end":{"line":46,"column":16}}},"branchMap":{"1":{"line":14,"type":"if","locations":[{"start":{"line":14,"column":8},"end":{"line":14,"column":8}},{"start":{"line":14,"column":8},"end":{"line":14,"column":8}}]},"2":{"line":18,"type":"if","locations":[{"start":{"line":18,"column":8},"end":{"line":18,"column":8}},{"start":{"line":18,"column":8},"end":{"line":18,"column":8}}]},"3":{"line":36,"type":"if","locations":[{"start":{"line":36,"column":8},"end":{"line":36,"column":8}},{"start":{"line":36,"column":8},"end":{"line":36,"column":8}}]},"4":{"line":45,"type":"if","locations":[{"start":{"line":45,"column":8},"end":{"line":45,"column":8}},{"start":{"line":45,"column":8},"end":{"line":45,"column":8}}]}}},"contracts/strings.sol":{"l":{"47":19,"48":0,"51":0,"52":0,"56":19,"57":19,"70":61,"71":61,"74":61,"83":0,"84":0,"85":0,"86":0,"87":0,"88":0,"90":0,"91":0,"92":0,"94":0,"95":0,"96":0,"98":0,"99":0,"100":0,"102":0,"103":0,"105":0,"117":0,"123":0,"132":0,"141":19,"142":19,"143":19,"145":19,"146":19,"159":0,"160":0,"161":0,"162":0,"163":0,"164":0,"165":0,"167":0,"169":0,"171":0,"173":0,"175":0,"186":0,"199":0,"200":0,"201":0,"203":0,"204":0,"205":0,"206":0,"207":0,"208":0,"212":0,"214":0,"216":0,"217":0,"219":0,"220":0,"221":0,"223":0,"224":0,"226":0,"236":0,"247":0,"249":0,"250":0,"251":0,"254":0,"255":0,"257":0,"258":0,"259":0,"261":0,"263":0,"265":0,"269":0,"270":0,"271":0,"272":0,"273":0,"276":0,"277":0,"278":0,"279":0,"289":0,"298":0,"299":0,"302":0,"303":0,"304":0,"307":0,"308":0,"309":0,"310":0,"311":0,"313":0,"314":0,"316":0,"317":0,"319":0,"320":0,"324":0,"325":0,"328":0,"329":0,"330":0,"331":0,"333":0,"335":0,"338":0,"347":0,"359":0,"360":0,"363":0,"364":0,"367":0,"368":0,"374":0,"385":0,"386":0,"389":0,"390":0,"391":0,"399":0,"400":0,"401":0,"404":0,"414":0,"415":0,"418":0,"420":0,"421":0,"424":0,"425":0,"431":0,"442":0,"443":0,"446":0,"447":0,"448":0,"449":0,"456":0,"457":0,"460":0,"468":65,"469":65,"471":65,"472":63,"473":63,"475":63,"476":63,"478":63,"479":63,"480":63,"482":63,"483":177,"484":37,"485":140,"486":140,"488":26,"491":0,"492":0,"494":0,"495":0,"496":0,"497":0,"498":0,"499":0,"503":2,"509":0,"511":0,"512":0,"513":0,"515":0,"516":0,"518":0,"519":0,"520":0,"522":0,"523":0,"524":0,"525":0,"526":0,"528":0,"531":0,"532":0,"533":0,"534":0,"535":0,"536":0,"537":0,"538":0,"539":0,"543":0,"555":0,"556":0,"557":0,"558":0,"570":0,"571":0,"572":0,"586":31,"587":31,"588":31,"589":31,"591":18,"593":13,"594":13,"596":31,"609":31,"623":0,"624":0,"625":0,"626":0,"628":0,"630":0,"632":0,"645":0,"655":21,"656":21,"657":13,"658":13,"669":0,"680":0,"681":0,"682":0,"683":0,"684":0,"685":0,"697":0,"698":0,"700":0,"701":0,"702":0,"704":0,"705":0,"706":0,"708":0,"709":0,"710":0,"711":0,"712":0,"713":0,"717":0},"path":"/Users/sash/Developer/blockchain-million-dollar-contract/contracts/strings.sol","s":{"1":19,"2":0,"3":0,"4":19,"5":61,"6":0,"7":0,"8":0,"9":0,"10":0,"11":0,"12":0,"13":0,"14":0,"15":0,"16":0,"17":0,"18":0,"19":0,"20":0,"21":0,"22":0,"23":0,"24":0,"25":19,"26":19,"27":19,"28":0,"29":0,"30":0,"31":0,"32":0,"33":0,"34":0,"35":0,"36":0,"37":0,"38":0,"39":0,"40":0,"41":0,"42":0,"43":0,"44":0,"45":0,"46":0,"47":0,"48":0,"49":0,"50":0,"51":0,"52":0,"53":0,"54":0,"55":0,"56":0,"57":0,"58":0,"59":0,"60":0,"61":0,"62":0,"63":0,"64":0,"65":0,"66":0,"67":0,"68":0,"69":0,"70":0,"71":0,"72":0,"73":0,"74":0,"75":0,"76":0,"77":0,"78":0,"79":0,"80":0,"81":0,"82":0,"83":0,"84":0,"85":0,"86":0,"87":0,"88":0,"89":0,"90":0,"91":0,"92":0,"93":0,"94":0,"95":0,"96":0,"97":0,"98":0,"99":0,"100":0,"101":0,"102":0,"103":0,"104":0,"105":0,"106":0,"107":0,"108":0,"109":0,"110":0,"111":0,"112":0,"113":0,"114":0,"115":0,"116":0,"117":0,"118":0,"119":0,"120":0,"121":0,"122":0,"123":0,"124":0,"125":0,"126":0,"127":0,"128":0,"129":0,"130":0,"131":0,"132":65,"133":65,"134":63,"135":63,"136":63,"137":63,"138":177,"139":37,"140":26,"141":0,"142":0,"143":0,"144":0,"145":2,"146":0,"147":0,"148":0,"149":0,"150":0,"151":0,"152":0,"153":0,"154":0,"155":0,"156":0,"157":0,"158":0,"159":0,"160":0,"161":0,"162":0,"163":0,"164":0,"165":0,"166":0,"167":31,"168":31,"169":31,"170":31,"171":18,"172":13,"173":13,"174":31,"175":31,"176":0,"177":0,"178":0,"179":0,"180":0,"181":0,"182":0,"183":0,"184":21,"185":21,"186":13,"187":0,"188":0,"189":0,"190":0,"191":0,"192":0,"193":0,"194":0,"195":0,"196":0,"197":0,"198":0,"199":0,"200":0,"201":0,"202":0,"203":0,"204":0},"b":{"1":[0,0],"2":[0,0],"3":[0,0],"4":[0,0],"5":[0,0],"6":[0,0],"7":[0,0],"8":[0,0],"9":[0,0],"10":[0,0],"11":[0,0],"12":[0,0],"13":[0,0],"14":[0,0],"15":[0,0],"16":[0,0],"17":[0,0],"18":[0,0],"19":[0,0],"20":[0,0],"21":[0,0],"22":[0,0],"23":[0,0],"24":[0,0],"25":[0,0],"26":[0,0],"27":[0,0],"28":[0,0],"29":[0,0],"30":[0,0],"31":[0,0],"32":[0,0],"33":[0,0],"34":[0,0],"35":[0,0],"36":[0,0],"37":[63,2],"38":[63,0],"39":[37,140],"40":[0,0],"41":[0,0],"42":[0,0],"43":[0,0],"44":[0,0],"45":[18,13],"46":[0,0],"47":[0,0],"48":[0,0]},"f":{"1":19,"2":61,"3":0,"4":0,"5":0,"6":19,"7":0,"8":0,"9":0,"10":0,"11":0,"12":0,"13":0,"14":0,"15":0,"16":0,"17":0,"18":0,"19":65,"20":0,"21":0,"22":0,"23":31,"24":31,"25":0,"26":0,"27":21,"28":0,"29":0,"30":0},"fnMap":{"1":{"name":"memcpy","line":45,"loc":{"start":{"line":45,"column":4},"end":{"line":45,"column":61}}},"2":{"name":"toSlice","line":69,"loc":{"start":{"line":69,"column":4},"end":{"line":69,"column":61}}},"3":{"name":"len","line":82,"loc":{"start":{"line":82,"column":4},"end":{"line":82,"column":57}}},"4":{"name":"toSliceB32","line":115,"loc":{"start":{"line":115,"column":4},"end":{"line":115,"column":69}}},"5":{"name":"copy","line":131,"loc":{"start":{"line":131,"column":4},"end":{"line":131,"column":57}}},"6":{"name":"toString","line":140,"loc":{"start":{"line":140,"column":4},"end":{"line":140,"column":62}}},"7":{"name":"len","line":157,"loc":{"start":{"line":157,"column":4},"end":{"line":157,"column":57}}},"8":{"name":"empty","line":185,"loc":{"start":{"line":185,"column":4},"end":{"line":185,"column":57}}},"9":{"name":"compare","line":198,"loc":{"start":{"line":198,"column":4},"end":{"line":198,"column":71}}},"10":{"name":"equals","line":235,"loc":{"start":{"line":235,"column":4},"end":{"line":235,"column":71}}},"11":{"name":"nextRune","line":246,"loc":{"start":{"line":246,"column":4},"end":{"line":246,"column":73}}},"12":{"name":"nextRune","line":288,"loc":{"start":{"line":288,"column":4},"end":{"line":288,"column":65}}},"13":{"name":"ord","line":297,"loc":{"start":{"line":297,"column":4},"end":{"line":297,"column":59}}},"14":{"name":"keccak","line":346,"loc":{"start":{"line":346,"column":4},"end":{"line":346,"column":65}}},"15":{"name":"startsWith","line":358,"loc":{"start":{"line":358,"column":4},"end":{"line":358,"column":76}}},"16":{"name":"beyond","line":384,"loc":{"start":{"line":384,"column":4},"end":{"line":384,"column":73}}},"17":{"name":"endsWith","line":413,"loc":{"start":{"line":413,"column":4},"end":{"line":413,"column":74}}},"18":{"name":"until","line":441,"loc":{"start":{"line":441,"column":4},"end":{"line":441,"column":72}}},"19":{"name":"findPtr","line":467,"loc":{"start":{"line":467,"column":4},"end":{"line":467,"column":106}}},"20":{"name":"rfindPtr","line":508,"loc":{"start":{"line":508,"column":4},"end":{"line":508,"column":107}}},"21":{"name":"find","line":554,"loc":{"start":{"line":554,"column":4},"end":{"line":554,"column":71}}},"22":{"name":"rfind","line":569,"loc":{"start":{"line":569,"column":4},"end":{"line":569,"column":72}}},"23":{"name":"split","line":585,"loc":{"start":{"line":585,"column":4},"end":{"line":585,"column":85}}},"24":{"name":"split","line":608,"loc":{"start":{"line":608,"column":4},"end":{"line":608,"column":78}}},"25":{"name":"rsplit","line":622,"loc":{"start":{"line":622,"column":4},"end":{"line":622,"column":86}}},"26":{"name":"rsplit","line":644,"loc":{"start":{"line":644,"column":4},"end":{"line":644,"column":79}}},"27":{"name":"count","line":654,"loc":{"start":{"line":654,"column":4},"end":{"line":654,"column":75}}},"28":{"name":"contains","line":668,"loc":{"start":{"line":668,"column":4},"end":{"line":668,"column":74}}},"29":{"name":"concat","line":679,"loc":{"start":{"line":679,"column":4},"end":{"line":679,"column":73}}},"30":{"name":"join","line":696,"loc":{"start":{"line":696,"column":4},"end":{"line":696,"column":73}}}},"statementMap":{"1":{"start":{"line":47,"column":8},"end":{"line":47,"column":2218}},"2":{"start":{"line":51,"column":12},"end":{"line":51,"column":21}},"3":{"start":{"line":52,"column":12},"end":{"line":52,"column":20}},"4":{"start":{"line":56,"column":8},"end":{"line":56,"column":40}},"5":{"start":{"line":74,"column":8},"end":{"line":74,"column":45}},"6":{"start":{"line":84,"column":8},"end":{"line":84,"column":3335}},"7":{"start":{"line":85,"column":12},"end":{"line":85,"column":20}},"8":{"start":{"line":86,"column":8},"end":{"line":86,"column":3368}},"9":{"start":{"line":87,"column":12},"end":{"line":87,"column":20}},"10":{"start":{"line":88,"column":12},"end":{"line":88,"column":75}},"11":{"start":{"line":90,"column":8},"end":{"line":90,"column":3541}},"12":{"start":{"line":91,"column":12},"end":{"line":91,"column":19}},"13":{"start":{"line":92,"column":12},"end":{"line":92,"column":59}},"14":{"start":{"line":94,"column":8},"end":{"line":94,"column":3681}},"15":{"start":{"line":95,"column":12},"end":{"line":95,"column":19}},"16":{"start":{"line":96,"column":12},"end":{"line":96,"column":51}},"17":{"start":{"line":98,"column":8},"end":{"line":98,"column":3805}},"18":{"start":{"line":99,"column":12},"end":{"line":99,"column":19}},"19":{"start":{"line":100,"column":12},"end":{"line":100,"column":47}},"20":{"start":{"line":102,"column":8},"end":{"line":102,"column":3921}},"21":{"start":{"line":103,"column":12},"end":{"line":103,"column":19}},"22":{"start":{"line":105,"column":8},"end":{"line":105,"column":23}},"23":{"start":{"line":123,"column":8},"end":{"line":123,"column":27}},"24":{"start":{"line":132,"column":8},"end":{"line":132,"column":42}},"25":{"start":{"line":141,"column":8},"end":{"line":141,"column":48}},"26":{"start":{"line":145,"column":8},"end":{"line":145,"column":43}},"27":{"start":{"line":146,"column":8},"end":{"line":146,"column":18}},"28":{"start":{"line":159,"column":8},"end":{"line":159,"column":32}},"29":{"start":{"line":160,"column":8},"end":{"line":160,"column":33}},"30":{"start":{"line":161,"column":8},"end":{"line":161,"column":6008}},"31":{"start":{"line":164,"column":12},"end":{"line":164,"column":6125}},"32":{"start":{"line":165,"column":16},"end":{"line":165,"column":23}},"33":{"start":{"line":166,"column":19},"end":{"line":166,"column":6186}},"34":{"start":{"line":167,"column":16},"end":{"line":167,"column":23}},"35":{"start":{"line":168,"column":19},"end":{"line":168,"column":6247}},"36":{"start":{"line":169,"column":16},"end":{"line":169,"column":23}},"37":{"start":{"line":170,"column":19},"end":{"line":170,"column":6308}},"38":{"start":{"line":171,"column":16},"end":{"line":171,"column":23}},"39":{"start":{"line":172,"column":19},"end":{"line":172,"column":6369}},"40":{"start":{"line":173,"column":16},"end":{"line":173,"column":23}},"41":{"start":{"line":175,"column":16},"end":{"line":175,"column":23}},"42":{"start":{"line":186,"column":8},"end":{"line":186,"column":29}},"43":{"start":{"line":199,"column":8},"end":{"line":199,"column":32}},"44":{"start":{"line":200,"column":8},"end":{"line":200,"column":7338}},"45":{"start":{"line":201,"column":12},"end":{"line":201,"column":32}},"46":{"start":{"line":203,"column":8},"end":{"line":203,"column":31}},"47":{"start":{"line":204,"column":8},"end":{"line":204,"column":33}},"48":{"start":{"line":205,"column":8},"end":{"line":205,"column":7455}},"49":{"start":{"line":212,"column":12},"end":{"line":212,"column":7669}},"50":{"start":{"line":214,"column":16},"end":{"line":214,"column":42}},"51":{"start":{"line":216,"column":16},"end":{"line":216,"column":7838}},"52":{"start":{"line":217,"column":20},"end":{"line":217,"column":65}},"53":{"start":{"line":219,"column":16},"end":{"line":219,"column":53}},"54":{"start":{"line":220,"column":16},"end":{"line":220,"column":8037}},"55":{"start":{"line":221,"column":20},"end":{"line":221,"column":36}},"56":{"start":{"line":223,"column":12},"end":{"line":223,"column":24}},"57":{"start":{"line":224,"column":12},"end":{"line":224,"column":25}},"58":{"start":{"line":226,"column":8},"end":{"line":226,"column":47}},"59":{"start":{"line":236,"column":8},"end":{"line":236,"column":40}},"60":{"start":{"line":247,"column":8},"end":{"line":247,"column":28}},"61":{"start":{"line":249,"column":8},"end":{"line":249,"column":8965}},"62":{"start":{"line":250,"column":12},"end":{"line":250,"column":24}},"63":{"start":{"line":251,"column":12},"end":{"line":251,"column":23}},"64":{"start":{"line":258,"column":8},"end":{"line":258,"column":9224}},"65":{"start":{"line":259,"column":12},"end":{"line":259,"column":16}},"66":{"start":{"line":260,"column":15},"end":{"line":260,"column":9274}},"67":{"start":{"line":261,"column":12},"end":{"line":261,"column":16}},"68":{"start":{"line":262,"column":15},"end":{"line":262,"column":9324}},"69":{"start":{"line":263,"column":12},"end":{"line":263,"column":16}},"70":{"start":{"line":265,"column":12},"end":{"line":265,"column":16}},"71":{"start":{"line":269,"column":8},"end":{"line":269,"column":9456}},"72":{"start":{"line":270,"column":12},"end":{"line":270,"column":32}},"73":{"start":{"line":271,"column":12},"end":{"line":271,"column":33}},"74":{"start":{"line":272,"column":12},"end":{"line":272,"column":24}},"75":{"start":{"line":273,"column":12},"end":{"line":273,"column":23}},"76":{"start":{"line":276,"column":8},"end":{"line":276,"column":21}},"77":{"start":{"line":277,"column":8},"end":{"line":277,"column":21}},"78":{"start":{"line":278,"column":8},"end":{"line":278,"column":20}},"79":{"start":{"line":279,"column":8},"end":{"line":279,"column":19}},"80":{"start":{"line":289,"column":8},"end":{"line":289,"column":26}},"81":{"start":{"line":298,"column":8},"end":{"line":298,"column":10312}},"82":{"start":{"line":299,"column":12},"end":{"line":299,"column":20}},"83":{"start":{"line":304,"column":8},"end":{"line":304,"column":30}},"84":{"start":{"line":308,"column":8},"end":{"line":308,"column":30}},"85":{"start":{"line":309,"column":8},"end":{"line":309,"column":10581}},"86":{"start":{"line":310,"column":12},"end":{"line":310,"column":18}},"87":{"start":{"line":311,"column":12},"end":{"line":311,"column":21}},"88":{"start":{"line":312,"column":15},"end":{"line":312,"column":10657}},"89":{"start":{"line":313,"column":12},"end":{"line":313,"column":25}},"90":{"start":{"line":314,"column":12},"end":{"line":314,"column":21}},"91":{"start":{"line":315,"column":15},"end":{"line":315,"column":10740}},"92":{"start":{"line":316,"column":12},"end":{"line":316,"column":25}},"93":{"start":{"line":317,"column":12},"end":{"line":317,"column":21}},"94":{"start":{"line":319,"column":12},"end":{"line":319,"column":25}},"95":{"start":{"line":320,"column":12},"end":{"line":320,"column":21}},"96":{"start":{"line":324,"column":8},"end":{"line":324,"column":10938}},"97":{"start":{"line":325,"column":12},"end":{"line":325,"column":20}},"98":{"start":{"line":328,"column":8},"end":{"line":328,"column":11005}},"99":{"start":{"line":329,"column":12},"end":{"line":329,"column":34}},"100":{"start":{"line":330,"column":12},"end":{"line":330,"column":38}},"101":{"start":{"line":331,"column":12},"end":{"line":331,"column":11135}},"102":{"start":{"line":333,"column":16},"end":{"line":333,"column":24}},"103":{"start":{"line":335,"column":12},"end":{"line":335,"column":40}},"104":{"start":{"line":338,"column":8},"end":{"line":338,"column":18}},"105":{"start":{"line":359,"column":8},"end":{"line":359,"column":11965}},"106":{"start":{"line":360,"column":12},"end":{"line":360,"column":24}},"107":{"start":{"line":363,"column":8},"end":{"line":363,"column":12041}},"108":{"start":{"line":364,"column":12},"end":{"line":364,"column":23}},"109":{"start":{"line":374,"column":8},"end":{"line":374,"column":20}},"110":{"start":{"line":385,"column":8},"end":{"line":385,"column":12765}},"111":{"start":{"line":386,"column":12},"end":{"line":386,"column":23}},"112":{"start":{"line":389,"column":8},"end":{"line":389,"column":24}},"113":{"start":{"line":390,"column":8},"end":{"line":390,"column":12867}},"114":{"start":{"line":399,"column":8},"end":{"line":399,"column":13187}},"115":{"start":{"line":400,"column":12},"end":{"line":400,"column":35}},"116":{"start":{"line":401,"column":12},"end":{"line":401,"column":35}},"117":{"start":{"line":404,"column":8},"end":{"line":404,"column":19}},"118":{"start":{"line":414,"column":8},"end":{"line":414,"column":13646}},"119":{"start":{"line":415,"column":12},"end":{"line":415,"column":24}},"120":{"start":{"line":418,"column":8},"end":{"line":418,"column":57}},"121":{"start":{"line":420,"column":8},"end":{"line":420,"column":13783}},"122":{"start":{"line":421,"column":12},"end":{"line":421,"column":23}},"123":{"start":{"line":431,"column":8},"end":{"line":431,"column":20}},"124":{"start":{"line":442,"column":8},"end":{"line":442,"column":14447}},"125":{"start":{"line":443,"column":12},"end":{"line":443,"column":23}},"126":{"start":{"line":446,"column":8},"end":{"line":446,"column":57}},"127":{"start":{"line":447,"column":8},"end":{"line":447,"column":24}},"128":{"start":{"line":448,"column":8},"end":{"line":448,"column":14609}},"129":{"start":{"line":456,"column":8},"end":{"line":456,"column":14883}},"130":{"start":{"line":457,"column":12},"end":{"line":457,"column":35}},"131":{"start":{"line":460,"column":8},"end":{"line":460,"column":19}},"132":{"start":{"line":468,"column":8},"end":{"line":468,"column":25}},"133":{"start":{"line":471,"column":8},"end":{"line":471,"column":15329}},"134":{"start":{"line":472,"column":12},"end":{"line":472,"column":15373}},"135":{"start":{"line":473,"column":16},"end":{"line":473,"column":73}},"136":{"start":{"line":478,"column":16},"end":{"line":478,"column":55}},"137":{"start":{"line":482,"column":16},"end":{"line":482,"column":15751}},"138":{"start":{"line":483,"column":20},"end":{"line":483,"column":15835}},"139":{"start":{"line":484,"column":24},"end":{"line":484,"column":48}},"140":{"start":{"line":488,"column":16},"end":{"line":488,"column":26}},"141":{"start":{"line":494,"column":16},"end":{"line":494,"column":16185}},"142":{"start":{"line":497,"column":20},"end":{"line":497,"column":16376}},"143":{"start":{"line":498,"column":24},"end":{"line":498,"column":34}},"144":{"start":{"line":499,"column":20},"end":{"line":499,"column":27}},"145":{"start":{"line":503,"column":8},"end":{"line":503,"column":32}},"146":{"start":{"line":511,"column":8},"end":{"line":511,"column":16807}},"147":{"start":{"line":512,"column":12},"end":{"line":512,"column":16851}},"148":{"start":{"line":513,"column":16},"end":{"line":513,"column":73}},"149":{"start":{"line":518,"column":16},"end":{"line":518,"column":50}},"150":{"start":{"line":522,"column":16},"end":{"line":522,"column":17224}},"151":{"start":{"line":523,"column":20},"end":{"line":523,"column":17298}},"152":{"start":{"line":524,"column":24},"end":{"line":524,"column":38}},"153":{"start":{"line":528,"column":16},"end":{"line":528,"column":38}},"154":{"start":{"line":533,"column":16},"end":{"line":533,"column":52}},"155":{"start":{"line":534,"column":16},"end":{"line":534,"column":17718}},"156":{"start":{"line":537,"column":20},"end":{"line":537,"column":17895}},"157":{"start":{"line":538,"column":24},"end":{"line":538,"column":46}},"158":{"start":{"line":539,"column":20},"end":{"line":539,"column":27}},"159":{"start":{"line":543,"column":8},"end":{"line":543,"column":22}},"160":{"start":{"line":555,"column":8},"end":{"line":555,"column":73}},"161":{"start":{"line":556,"column":8},"end":{"line":556,"column":35}},"162":{"start":{"line":557,"column":8},"end":{"line":557,"column":22}},"163":{"start":{"line":558,"column":8},"end":{"line":558,"column":19}},"164":{"start":{"line":570,"column":8},"end":{"line":570,"column":74}},"165":{"start":{"line":571,"column":8},"end":{"line":571,"column":34}},"166":{"start":{"line":572,"column":8},"end":{"line":572,"column":19}},"167":{"start":{"line":586,"column":8},"end":{"line":586,"column":73}},"168":{"start":{"line":587,"column":8},"end":{"line":587,"column":29}},"169":{"start":{"line":588,"column":8},"end":{"line":588,"column":35}},"170":{"start":{"line":589,"column":8},"end":{"line":589,"column":19919}},"171":{"start":{"line":591,"column":12},"end":{"line":591,"column":24}},"172":{"start":{"line":593,"column":12},"end":{"line":593,"column":48}},"173":{"start":{"line":594,"column":12},"end":{"line":594,"column":40}},"174":{"start":{"line":596,"column":8},"end":{"line":596,"column":20}},"175":{"start":{"line":609,"column":8},"end":{"line":609,"column":33}},"176":{"start":{"line":623,"column":8},"end":{"line":623,"column":74}},"177":{"start":{"line":624,"column":8},"end":{"line":624,"column":23}},"178":{"start":{"line":625,"column":8},"end":{"line":625,"column":49}},"179":{"start":{"line":626,"column":8},"end":{"line":626,"column":21501}},"180":{"start":{"line":628,"column":12},"end":{"line":628,"column":24}},"181":{"start":{"line":630,"column":12},"end":{"line":630,"column":48}},"182":{"start":{"line":632,"column":8},"end":{"line":632,"column":20}},"183":{"start":{"line":645,"column":8},"end":{"line":645,"column":34}},"184":{"start":{"line":655,"column":8},"end":{"line":655,"column":87}},"185":{"start":{"line":656,"column":8},"end":{"line":656,"column":22716}},"186":{"start":{"line":658,"column":12},"end":{"line":658,"column":100}},"187":{"start":{"line":669,"column":8},"end":{"line":669,"column":84}},"188":{"start":{"line":680,"column":8},"end":{"line":680,"column":61}},"189":{"start":{"line":683,"column":8},"end":{"line":683,"column":43}},"190":{"start":{"line":684,"column":8},"end":{"line":684,"column":57}},"191":{"start":{"line":685,"column":8},"end":{"line":685,"column":18}},"192":{"start":{"line":697,"column":8},"end":{"line":697,"column":24347}},"193":{"start":{"line":698,"column":12},"end":{"line":698,"column":21}},"194":{"start":{"line":700,"column":8},"end":{"line":700,"column":51}},"195":{"start":{"line":701,"column":8},"end":{"line":701,"column":24470}},"196":{"start":{"line":702,"column":12},"end":{"line":702,"column":34}},"197":{"start":{"line":704,"column":8},"end":{"line":704,"column":45}},"198":{"start":{"line":708,"column":8},"end":{"line":708,"column":24641}},"199":{"start":{"line":709,"column":12},"end":{"line":709,"column":55}},"200":{"start":{"line":710,"column":12},"end":{"line":710,"column":34}},"201":{"start":{"line":711,"column":12},"end":{"line":711,"column":24789}},"202":{"start":{"line":712,"column":16},"end":{"line":712,"column":51}},"203":{"start":{"line":713,"column":16},"end":{"line":713,"column":34}},"204":{"start":{"line":717,"column":8},"end":{"line":717,"column":18}}},"branchMap":{"1":{"line":84,"type":"if","locations":[{"start":{"line":84,"column":8},"end":{"line":84,"column":8}},{"start":{"line":84,"column":8},"end":{"line":84,"column":8}}]},"2":{"line":86,"type":"if","locations":[{"start":{"line":86,"column":8},"end":{"line":86,"column":8}},{"start":{"line":86,"column":8},"end":{"line":86,"column":8}}]},"3":{"line":90,"type":"if","locations":[{"start":{"line":90,"column":8},"end":{"line":90,"column":8}},{"start":{"line":90,"column":8},"end":{"line":90,"column":8}}]},"4":{"line":94,"type":"if","locations":[{"start":{"line":94,"column":8},"end":{"line":94,"column":8}},{"start":{"line":94,"column":8},"end":{"line":94,"column":8}}]},"5":{"line":98,"type":"if","locations":[{"start":{"line":98,"column":8},"end":{"line":98,"column":8}},{"start":{"line":98,"column":8},"end":{"line":98,"column":8}}]},"6":{"line":102,"type":"if","locations":[{"start":{"line":102,"column":8},"end":{"line":102,"column":8}},{"start":{"line":102,"column":8},"end":{"line":102,"column":8}}]},"7":{"line":164,"type":"if","locations":[{"start":{"line":164,"column":12},"end":{"line":164,"column":12}},{"start":{"line":164,"column":12},"end":{"line":164,"column":12}}]},"8":{"line":166,"type":"if","locations":[{"start":{"line":166,"column":19},"end":{"line":166,"column":19}},{"start":{"line":166,"column":19},"end":{"line":166,"column":19}}]},"9":{"line":168,"type":"if","locations":[{"start":{"line":168,"column":19},"end":{"line":168,"column":19}},{"start":{"line":168,"column":19},"end":{"line":168,"column":19}}]},"10":{"line":170,"type":"if","locations":[{"start":{"line":170,"column":19},"end":{"line":170,"column":19}},{"start":{"line":170,"column":19},"end":{"line":170,"column":19}}]},"11":{"line":172,"type":"if","locations":[{"start":{"line":172,"column":19},"end":{"line":172,"column":19}},{"start":{"line":172,"column":19},"end":{"line":172,"column":19}}]},"12":{"line":200,"type":"if","locations":[{"start":{"line":200,"column":8},"end":{"line":200,"column":8}},{"start":{"line":200,"column":8},"end":{"line":200,"column":8}}]},"13":{"line":212,"type":"if","locations":[{"start":{"line":212,"column":12},"end":{"line":212,"column":12}},{"start":{"line":212,"column":12},"end":{"line":212,"column":12}}]},"14":{"line":216,"type":"if","locations":[{"start":{"line":216,"column":16},"end":{"line":216,"column":16}},{"start":{"line":216,"column":16},"end":{"line":216,"column":16}}]},"15":{"line":220,"type":"if","locations":[{"start":{"line":220,"column":16},"end":{"line":220,"column":16}},{"start":{"line":220,"column":16},"end":{"line":220,"column":16}}]},"16":{"line":249,"type":"if","locations":[{"start":{"line":249,"column":8},"end":{"line":249,"column":8}},{"start":{"line":249,"column":8},"end":{"line":249,"column":8}}]},"17":{"line":258,"type":"if","locations":[{"start":{"line":258,"column":8},"end":{"line":258,"column":8}},{"start":{"line":258,"column":8},"end":{"line":258,"column":8}}]},"18":{"line":260,"type":"if","locations":[{"start":{"line":260,"column":15},"end":{"line":260,"column":15}},{"start":{"line":260,"column":15},"end":{"line":260,"column":15}}]},"19":{"line":262,"type":"if","locations":[{"start":{"line":262,"column":15},"end":{"line":262,"column":15}},{"start":{"line":262,"column":15},"end":{"line":262,"column":15}}]},"20":{"line":269,"type":"if","locations":[{"start":{"line":269,"column":8},"end":{"line":269,"column":8}},{"start":{"line":269,"column":8},"end":{"line":269,"column":8}}]},"21":{"line":298,"type":"if","locations":[{"start":{"line":298,"column":8},"end":{"line":298,"column":8}},{"start":{"line":298,"column":8},"end":{"line":298,"column":8}}]},"22":{"line":309,"type":"if","locations":[{"start":{"line":309,"column":8},"end":{"line":309,"column":8}},{"start":{"line":309,"column":8},"end":{"line":309,"column":8}}]},"23":{"line":312,"type":"if","locations":[{"start":{"line":312,"column":15},"end":{"line":312,"column":15}},{"start":{"line":312,"column":15},"end":{"line":312,"column":15}}]},"24":{"line":315,"type":"if","locations":[{"start":{"line":315,"column":15},"end":{"line":315,"column":15}},{"start":{"line":315,"column":15},"end":{"line":315,"column":15}}]},"25":{"line":324,"type":"if","locations":[{"start":{"line":324,"column":8},"end":{"line":324,"column":8}},{"start":{"line":324,"column":8},"end":{"line":324,"column":8}}]},"26":{"line":331,"type":"if","locations":[{"start":{"line":331,"column":12},"end":{"line":331,"column":12}},{"start":{"line":331,"column":12},"end":{"line":331,"column":12}}]},"27":{"line":359,"type":"if","locations":[{"start":{"line":359,"column":8},"end":{"line":359,"column":8}},{"start":{"line":359,"column":8},"end":{"line":359,"column":8}}]},"28":{"line":363,"type":"if","locations":[{"start":{"line":363,"column":8},"end":{"line":363,"column":8}},{"start":{"line":363,"column":8},"end":{"line":363,"column":8}}]},"29":{"line":385,"type":"if","locations":[{"start":{"line":385,"column":8},"end":{"line":385,"column":8}},{"start":{"line":385,"column":8},"end":{"line":385,"column":8}}]},"30":{"line":390,"type":"if","locations":[{"start":{"line":390,"column":8},"end":{"line":390,"column":8}},{"start":{"line":390,"column":8},"end":{"line":390,"column":8}}]},"31":{"line":399,"type":"if","locations":[{"start":{"line":399,"column":8},"end":{"line":399,"column":8}},{"start":{"line":399,"column":8},"end":{"line":399,"column":8}}]},"32":{"line":414,"type":"if","locations":[{"start":{"line":414,"column":8},"end":{"line":414,"column":8}},{"start":{"line":414,"column":8},"end":{"line":414,"column":8}}]},"33":{"line":420,"type":"if","locations":[{"start":{"line":420,"column":8},"end":{"line":420,"column":8}},{"start":{"line":420,"column":8},"end":{"line":420,"column":8}}]},"34":{"line":442,"type":"if","locations":[{"start":{"line":442,"column":8},"end":{"line":442,"column":8}},{"start":{"line":442,"column":8},"end":{"line":442,"column":8}}]},"35":{"line":448,"type":"if","locations":[{"start":{"line":448,"column":8},"end":{"line":448,"column":8}},{"start":{"line":448,"column":8},"end":{"line":448,"column":8}}]},"36":{"line":456,"type":"if","locations":[{"start":{"line":456,"column":8},"end":{"line":456,"column":8}},{"start":{"line":456,"column":8},"end":{"line":456,"column":8}}]},"37":{"line":471,"type":"if","locations":[{"start":{"line":471,"column":8},"end":{"line":471,"column":8}},{"start":{"line":471,"column":8},"end":{"line":471,"column":8}}]},"38":{"line":472,"type":"if","locations":[{"start":{"line":472,"column":12},"end":{"line":472,"column":12}},{"start":{"line":472,"column":12},"end":{"line":472,"column":12}}]},"39":{"line":483,"type":"if","locations":[{"start":{"line":483,"column":20},"end":{"line":483,"column":20}},{"start":{"line":483,"column":20},"end":{"line":483,"column":20}}]},"40":{"line":497,"type":"if","locations":[{"start":{"line":497,"column":20},"end":{"line":497,"column":20}},{"start":{"line":497,"column":20},"end":{"line":497,"column":20}}]},"41":{"line":511,"type":"if","locations":[{"start":{"line":511,"column":8},"end":{"line":511,"column":8}},{"start":{"line":511,"column":8},"end":{"line":511,"column":8}}]},"42":{"line":512,"type":"if","locations":[{"start":{"line":512,"column":12},"end":{"line":512,"column":12}},{"start":{"line":512,"column":12},"end":{"line":512,"column":12}}]},"43":{"line":523,"type":"if","locations":[{"start":{"line":523,"column":20},"end":{"line":523,"column":20}},{"start":{"line":523,"column":20},"end":{"line":523,"column":20}}]},"44":{"line":537,"type":"if","locations":[{"start":{"line":537,"column":20},"end":{"line":537,"column":20}},{"start":{"line":537,"column":20},"end":{"line":537,"column":20}}]},"45":{"line":589,"type":"if","locations":[{"start":{"line":589,"column":8},"end":{"line":589,"column":8}},{"start":{"line":589,"column":8},"end":{"line":589,"column":8}}]},"46":{"line":626,"type":"if","locations":[{"start":{"line":626,"column":8},"end":{"line":626,"column":8}},{"start":{"line":626,"column":8},"end":{"line":626,"column":8}}]},"47":{"line":697,"type":"if","locations":[{"start":{"line":697,"column":8},"end":{"line":697,"column":8}},{"start":{"line":697,"column":8},"end":{"line":697,"column":8}}]},"48":{"line":711,"type":"if","locations":[{"start":{"line":711,"column":12},"end":{"line":711,"column":12}},{"start":{"line":711,"column":12},"end":{"line":711,"column":12}}]}}},"contracts/StringUtils.sol":{"l":{"6":23,"7":23,"9":23,"11":74,"12":50,"13":50,"14":50,"17":24,"18":0,"20":24,"21":15,"22":15,"25":4,"26":4,"29":1,"30":1,"33":4,"34":4,"38":0,"39":0,"42":24},"path":"/Users/sash/Developer/blockchain-million-dollar-contract/contracts/StringUtils.sol","s":{"1":23,"2":23,"3":23,"4":74,"5":50,"6":50,"7":24,"8":0,"9":24,"10":15,"11":15,"12":9,"13":4,"14":4,"15":5,"16":1,"17":1,"18":4,"19":4,"20":4,"21":0,"22":0},"b":{"1":[50,24],"2":[0,24],"3":[15,9],"4":[4,5],"5":[1,4],"6":[4,0]},"f":{"1":23},"fnMap":{"1":{"name":"utfStringLength","line":5,"loc":{"start":{"line":5,"column":4},"end":{"line":5,"column":74}}}},"statementMap":{"1":{"start":{"line":6,"column":8},"end":{"line":6,"column":17}},"2":{"start":{"line":7,"column":8},"end":{"line":7,"column":27}},"3":{"start":{"line":9,"column":8},"end":{"line":9,"column":196}},"4":{"start":{"line":11,"column":12},"end":{"line":11,"column":245}},"5":{"start":{"line":12,"column":16},"end":{"line":12,"column":21}},"6":{"start":{"line":13,"column":16},"end":{"line":13,"column":29}},"7":{"start":{"line":17,"column":12},"end":{"line":17,"column":417}},"8":{"start":{"line":18,"column":16},"end":{"line":18,"column":23}},"9":{"start":{"line":20,"column":12},"end":{"line":20,"column":501}},"10":{"start":{"line":21,"column":16},"end":{"line":21,"column":21}},"11":{"start":{"line":22,"column":16},"end":{"line":22,"column":30}},"12":{"start":{"line":24,"column":17},"end":{"line":24,"column":613}},"13":{"start":{"line":25,"column":16},"end":{"line":25,"column":21}},"14":{"start":{"line":26,"column":16},"end":{"line":26,"column":30}},"15":{"start":{"line":28,"column":17},"end":{"line":28,"column":727}},"16":{"start":{"line":29,"column":16},"end":{"line":29,"column":21}},"17":{"start":{"line":30,"column":16},"end":{"line":30,"column":30}},"18":{"start":{"line":32,"column":17},"end":{"line":32,"column":841}},"19":{"start":{"line":33,"column":16},"end":{"line":33,"column":21}},"20":{"start":{"line":34,"column":16},"end":{"line":34,"column":30}},"21":{"start":{"line":38,"column":16},"end":{"line":38,"column":21}},"22":{"start":{"line":39,"column":16},"end":{"line":39,"column":30}}},"branchMap":{"1":{"line":11,"type":"if","locations":[{"start":{"line":11,"column":12},"end":{"line":11,"column":12}},{"start":{"line":11,"column":12},"end":{"line":11,"column":12}}]},"2":{"line":17,"type":"if","locations":[{"start":{"line":17,"column":12},"end":{"line":17,"column":12}},{"start":{"line":17,"column":12},"end":{"line":17,"column":12}}]},"3":{"line":20,"type":"if","locations":[{"start":{"line":20,"column":12},"end":{"line":20,"column":12}},{"start":{"line":20,"column":12},"end":{"line":20,"column":12}}]},"4":{"line":24,"type":"if","locations":[{"start":{"line":24,"column":17},"end":{"line":24,"column":17}},{"start":{"line":24,"column":17},"end":{"line":24,"column":17}}]},"5":{"line":28,"type":"if","locations":[{"start":{"line":28,"column":17},"end":{"line":28,"column":17}},{"start":{"line":28,"column":17},"end":{"line":28,"column":17}}]},"6":{"line":32,"type":"if","locations":[{"start":{"line":32,"column":17},"end":{"line":32,"column":17}},{"start":{"line":32,"column":17},"end":{"line":32,"column":17}}]}}}}